2018-11-20 22:16:20,140 | pack.packtivity_sync |   INFO | starting file logging for topic: step
2018-11-20 22:16:20,318 | pack.packtivity_sync |  DEBUG | script is:
2018-11-20 22:16:20,318 | pack.packtivity_sync |  DEBUG | 
--------------
python /code/uppermaker.py /Users/lukas/Code/yadagedev/tutorial/specs/messageworkflow/first/outputfile.txt /Users/lukas/Code/yadagedev/tutorial/specs/messageworkflow/second/outputfile.txt

--------------
2018-11-20 22:16:20,319 | pack.packtivity_sync |  DEBUG | 
--------------
run in docker container image: yadage/tutorial-uppermaker
with env: default env
resources: []
--------------
    
2018-11-20 22:16:20,319 | pack.packtivity_sync |  DEBUG | do_auth: False do_cvmfs: False
2018-11-20 22:16:20,319 | pack.packtivity_sync |  DEBUG | rspec is
{
    "mounts": [
        {
            "source": "/Users/lukas/Code/yadagedev/tutorial/specs/messageworkflow/second", 
            "readonly": false, 
            "destination": "/Users/lukas/Code/yadagedev/tutorial/specs/messageworkflow/second", 
            "type": "bind"
        }, 
        {
            "source": "/Users/lukas/Code/yadagedev/tutorial/specs/messageworkflow/first", 
            "readonly": false, 
            "destination": "/Users/lukas/Code/yadagedev/tutorial/specs/messageworkflow/first", 
            "type": "bind"
        }
    ], 
    "image": "yadage/tutorial-uppermaker:latest", 
    "workdir": null, 
    "argv": [
        "sh", 
        "-c", 
        "sh"
    ], 
    "stdin": "python /code/uppermaker.py /Users/lukas/Code/yadagedev/tutorial/specs/messageworkflow/first/outputfile.txt /Users/lukas/Code/yadagedev/tutorial/specs/messageworkflow/second/outputfile.txt\n"
}
2018-11-20 22:16:20,319 | pack.packtivity_sync |  DEBUG | command: 
docker pull yadage/tutorial-uppermaker:latest
2018-11-20 22:16:20,319 | pack.packtivity_sync |  DEBUG | stdin if any: None
2018-11-20 22:16:20,325 | pack.packtivity_sync |  DEBUG | started subprocess with pid 34321. now wait to finish
2018-11-20 22:16:20,885 | pack.packtivity_sync |  DEBUG | process children: []
2018-11-20 22:16:22,689 | pack.packtivity_sync |  DEBUG | container execution subprocess finished. return code: 0
2018-11-20 22:16:22,689 | pack.packtivity_sync |  DEBUG | moving on from subprocess execution: docker pull yadage/tutorial-uppermaker:latest
2018-11-20 22:16:22,689 | pack.packtivity_sync |  DEBUG | finally for docker pull yadage/tutorial-uppermaker:latest
2018-11-20 22:16:22,689 | pack.packtivity_sync |  DEBUG | command: 
docker run --rm -i --cidfile /Users/lukas/Code/yadagedev/tutorial/specs/messageworkflow/second/_packtivity/packtivity_syncbackend.cid     -v /Users/lukas/Code/yadagedev/tutorial/specs/messageworkflow/second:/Users/lukas/Code/yadagedev/tutorial/specs/messageworkflow/second:rw -v /Users/lukas/Code/yadagedev/tutorial/specs/messageworkflow/first:/Users/lukas/Code/yadagedev/tutorial/specs/messageworkflow/first:rw yadage/tutorial-uppermaker:latest sh -c sh
2018-11-20 22:16:22,689 | pack.packtivity_sync |  DEBUG | stdin if any: python /code/uppermaker.py /Users/lukas/Code/yadagedev/tutorial/specs/messageworkflow/first/outputfile.txt /Users/lukas/Code/yadagedev/tutorial/specs/messageworkflow/second/outputfile.txt

2018-11-20 22:16:22,690 | pack.packtivity_sync |  DEBUG | stdin: 
python /code/uppermaker.py /Users/lukas/Code/yadagedev/tutorial/specs/messageworkflow/first/outputfile.txt /Users/lukas/Code/yadagedev/tutorial/specs/messageworkflow/second/outputfile.txt

2018-11-20 22:16:22,691 | pack.packtivity_sync |  DEBUG | argv: ['docker', 'run', '--rm', '-i', '--cidfile', '/Users/lukas/Code/yadagedev/tutorial/specs/messageworkflow/second/_packtivity/packtivity_syncbackend.cid', '-v', '/Users/lukas/Code/yadagedev/tutorial/specs/messageworkflow/second:/Users/lukas/Code/yadagedev/tutorial/specs/messageworkflow/second:rw', '-v', '/Users/lukas/Code/yadagedev/tutorial/specs/messageworkflow/first:/Users/lukas/Code/yadagedev/tutorial/specs/messageworkflow/first:rw', 'yadage/tutorial-uppermaker:latest', 'sh', '-c', 'sh']
2018-11-20 22:16:22,702 | pack.packtivity_sync |  DEBUG | started subprocess with pid 34323. now wait to finish
2018-11-20 22:16:23,222 | pack.packtivity_sync |  DEBUG | process children: []
2018-11-20 22:16:25,128 | pack.packtivity_sync |  DEBUG | container execution subprocess finished. return code: 0
2018-11-20 22:16:25,128 | pack.packtivity_sync |  DEBUG | moving on from subprocess execution: docker run --rm -i --cidfile /Users/lukas/Code/yadagedev/tutorial/specs/messageworkflow/second/_packtivity/packtivity_syncbackend.cid     -v /Users/lukas/Code/yadagedev/tutorial/specs/messageworkflow/second:/Users/lukas/Code/yadagedev/tutorial/specs/messageworkflow/second:rw -v /Users/lukas/Code/yadagedev/tutorial/specs/messageworkflow/first:/Users/lukas/Code/yadagedev/tutorial/specs/messageworkflow/first:rw yadage/tutorial-uppermaker:latest sh -c sh
2018-11-20 22:16:25,128 | pack.packtivity_sync |  DEBUG | finally for docker run --rm -i --cidfile /Users/lukas/Code/yadagedev/tutorial/specs/messageworkflow/second/_packtivity/packtivity_syncbackend.cid     -v /Users/lukas/Code/yadagedev/tutorial/specs/messageworkflow/second:/Users/lukas/Code/yadagedev/tutorial/specs/messageworkflow/second:rw -v /Users/lukas/Code/yadagedev/tutorial/specs/messageworkflow/first:/Users/lukas/Code/yadagedev/tutorial/specs/messageworkflow/first:rw yadage/tutorial-uppermaker:latest sh -c sh
2018-11-20 22:16:25,146 | pack.packtivity_sync |   INFO | publishing data: <TypedLeafs: {u'shoutingfile': u'/Users/lukas/Code/yadagedev/tutorial/specs/messageworkflow/second/outputfile.txt'}>
