2018-12-03 17:37:59,712 |  pack.mapping_6.step |   INFO | starting file logging for topic: step
2018-12-03 17:37:59,798 |  pack.mapping_6.step |  DEBUG | script is:
2018-12-03 17:37:59,798 |  pack.mapping_6.step |  DEBUG | 
--------------
wc -w /Users/lukas/Code/yadagedev/tutorial/specs/mapreduce/inputdata/input_00007.txt |awk '{print $1}' > /Users/lukas/Code/yadagedev/tutorial/specs/mapreduce/workdir/mapping_6/output.txt

--------------
2018-12-03 17:37:59,799 |  pack.mapping_6.step |  DEBUG | 
--------------
run in docker container image: busybox
with env: default env
resources: []
--------------
    
2018-12-03 17:37:59,799 |  pack.mapping_6.step |  DEBUG | do_auth: False do_cvmfs: False
2018-12-03 17:37:59,799 |  pack.mapping_6.step |  DEBUG | rspec is
{
    "mounts": [
        {
            "source": "/Users/lukas/Code/yadagedev/tutorial/specs/mapreduce/workdir/mapping_6", 
            "readonly": false, 
            "destination": "/Users/lukas/Code/yadagedev/tutorial/specs/mapreduce/workdir/mapping_6", 
            "type": "bind"
        }, 
        {
            "source": "/Users/lukas/Code/yadagedev/tutorial/specs/mapreduce/inputdata", 
            "readonly": false, 
            "destination": "/Users/lukas/Code/yadagedev/tutorial/specs/mapreduce/inputdata", 
            "type": "bind"
        }
    ], 
    "image": "busybox:latest", 
    "workdir": null, 
    "argv": [
        "sh", 
        "-c", 
        "sh"
    ], 
    "stdin": "wc -w /Users/lukas/Code/yadagedev/tutorial/specs/mapreduce/inputdata/input_00007.txt |awk '{print $1}' > /Users/lukas/Code/yadagedev/tutorial/specs/mapreduce/workdir/mapping_6/output.txt\n"
}
2018-12-03 17:37:59,800 |  pack.mapping_6.step |  DEBUG | command: 
docker pull busybox:latest
2018-12-03 17:37:59,800 |  pack.mapping_6.step |  DEBUG | stdin if any: None
2018-12-03 17:37:59,817 |  pack.mapping_6.step |  DEBUG | started subprocess with pid 86594. now wait to finish
2018-12-03 17:38:00,349 |  pack.mapping_6.step |  DEBUG | process children: []
2018-12-03 17:38:02,508 |  pack.mapping_6.step |  DEBUG | container execution subprocess finished. return code: 0
2018-12-03 17:38:02,508 |  pack.mapping_6.step |  DEBUG | moving on from subprocess execution: docker pull busybox:latest
2018-12-03 17:38:02,508 |  pack.mapping_6.step |  DEBUG | finally for docker pull busybox:latest
2018-12-03 17:38:02,509 |  pack.mapping_6.step |  DEBUG | command: 
docker run --rm -i --cidfile /Users/lukas/Code/yadagedev/tutorial/specs/mapreduce/workdir/mapping_6/_packtivity/mapping_6.cid     -v /Users/lukas/Code/yadagedev/tutorial/specs/mapreduce/workdir/mapping_6:/Users/lukas/Code/yadagedev/tutorial/specs/mapreduce/workdir/mapping_6:rw -v /Users/lukas/Code/yadagedev/tutorial/specs/mapreduce/inputdata:/Users/lukas/Code/yadagedev/tutorial/specs/mapreduce/inputdata:rw busybox:latest sh -c sh
2018-12-03 17:38:02,509 |  pack.mapping_6.step |  DEBUG | stdin if any: wc -w /Users/lukas/Code/yadagedev/tutorial/specs/mapreduce/inputdata/input_00007.txt |awk '{print $1}' > /Users/lukas/Code/yadagedev/tutorial/specs/mapreduce/workdir/mapping_6/output.txt

2018-12-03 17:38:02,510 |  pack.mapping_6.step |  DEBUG | stdin: 
wc -w /Users/lukas/Code/yadagedev/tutorial/specs/mapreduce/inputdata/input_00007.txt |awk '{print $1}' > /Users/lukas/Code/yadagedev/tutorial/specs/mapreduce/workdir/mapping_6/output.txt

2018-12-03 17:38:02,512 |  pack.mapping_6.step |  DEBUG | argv: ['docker', 'run', '--rm', '-i', '--cidfile', '/Users/lukas/Code/yadagedev/tutorial/specs/mapreduce/workdir/mapping_6/_packtivity/mapping_6.cid', '-v', '/Users/lukas/Code/yadagedev/tutorial/specs/mapreduce/workdir/mapping_6:/Users/lukas/Code/yadagedev/tutorial/specs/mapreduce/workdir/mapping_6:rw', '-v', '/Users/lukas/Code/yadagedev/tutorial/specs/mapreduce/inputdata:/Users/lukas/Code/yadagedev/tutorial/specs/mapreduce/inputdata:rw', 'busybox:latest', 'sh', '-c', 'sh']
2018-12-03 17:38:02,527 |  pack.mapping_6.step |  DEBUG | started subprocess with pid 86598. now wait to finish
2018-12-03 17:38:03,053 |  pack.mapping_6.step |  DEBUG | process children: []
2018-12-03 17:38:04,818 |  pack.mapping_6.step |  DEBUG | container execution subprocess finished. return code: 0
2018-12-03 17:38:04,818 |  pack.mapping_6.step |  DEBUG | moving on from subprocess execution: docker run --rm -i --cidfile /Users/lukas/Code/yadagedev/tutorial/specs/mapreduce/workdir/mapping_6/_packtivity/mapping_6.cid     -v /Users/lukas/Code/yadagedev/tutorial/specs/mapreduce/workdir/mapping_6:/Users/lukas/Code/yadagedev/tutorial/specs/mapreduce/workdir/mapping_6:rw -v /Users/lukas/Code/yadagedev/tutorial/specs/mapreduce/inputdata:/Users/lukas/Code/yadagedev/tutorial/specs/mapreduce/inputdata:rw busybox:latest sh -c sh
2018-12-03 17:38:04,819 |  pack.mapping_6.step |  DEBUG | finally for docker run --rm -i --cidfile /Users/lukas/Code/yadagedev/tutorial/specs/mapreduce/workdir/mapping_6/_packtivity/mapping_6.cid     -v /Users/lukas/Code/yadagedev/tutorial/specs/mapreduce/workdir/mapping_6:/Users/lukas/Code/yadagedev/tutorial/specs/mapreduce/workdir/mapping_6:rw -v /Users/lukas/Code/yadagedev/tutorial/specs/mapreduce/inputdata:/Users/lukas/Code/yadagedev/tutorial/specs/mapreduce/inputdata:rw busybox:latest sh -c sh
2018-12-03 17:38:04,845 |  pack.mapping_6.step |   INFO | publishing data: <TypedLeafs: {u'wordcount': u'/Users/lukas/Code/yadagedev/tutorial/specs/mapreduce/workdir/mapping_6/output.txt'}>
