2018-12-03 17:37:49,498 |  pack.mapping_8.step |   INFO | starting file logging for topic: step
2018-12-03 17:37:49,666 |  pack.mapping_8.step |  DEBUG | script is:
2018-12-03 17:37:49,666 |  pack.mapping_8.step |  DEBUG | 
--------------
wc -w /Users/lukas/Code/yadagedev/tutorial/specs/mapreduce/inputdata/input_00009.txt |awk '{print $1}' > /Users/lukas/Code/yadagedev/tutorial/specs/mapreduce/workdir/mapping_8/output.txt

--------------
2018-12-03 17:37:49,666 |  pack.mapping_8.step |  DEBUG | 
--------------
run in docker container image: busybox
with env: default env
resources: []
--------------
    
2018-12-03 17:37:49,666 |  pack.mapping_8.step |  DEBUG | do_auth: False do_cvmfs: False
2018-12-03 17:37:49,667 |  pack.mapping_8.step |  DEBUG | rspec is
{
    "mounts": [
        {
            "source": "/Users/lukas/Code/yadagedev/tutorial/specs/mapreduce/workdir/mapping_8", 
            "readonly": false, 
            "destination": "/Users/lukas/Code/yadagedev/tutorial/specs/mapreduce/workdir/mapping_8", 
            "type": "bind"
        }, 
        {
            "source": "/Users/lukas/Code/yadagedev/tutorial/specs/mapreduce/inputdata", 
            "readonly": false, 
            "destination": "/Users/lukas/Code/yadagedev/tutorial/specs/mapreduce/inputdata", 
            "type": "bind"
        }
    ], 
    "image": "busybox:latest", 
    "workdir": null, 
    "argv": [
        "sh", 
        "-c", 
        "sh"
    ], 
    "stdin": "wc -w /Users/lukas/Code/yadagedev/tutorial/specs/mapreduce/inputdata/input_00009.txt |awk '{print $1}' > /Users/lukas/Code/yadagedev/tutorial/specs/mapreduce/workdir/mapping_8/output.txt\n"
}
2018-12-03 17:37:49,667 |  pack.mapping_8.step |  DEBUG | command: 
docker pull busybox:latest
2018-12-03 17:37:49,667 |  pack.mapping_8.step |  DEBUG | stdin if any: None
2018-12-03 17:37:49,688 |  pack.mapping_8.step |  DEBUG | started subprocess with pid 86570. now wait to finish
2018-12-03 17:37:50,227 |  pack.mapping_8.step |  DEBUG | process children: []
2018-12-03 17:37:52,718 |  pack.mapping_8.step |  DEBUG | container execution subprocess finished. return code: 0
2018-12-03 17:37:52,719 |  pack.mapping_8.step |  DEBUG | moving on from subprocess execution: docker pull busybox:latest
2018-12-03 17:37:52,719 |  pack.mapping_8.step |  DEBUG | finally for docker pull busybox:latest
2018-12-03 17:37:52,719 |  pack.mapping_8.step |  DEBUG | command: 
docker run --rm -i --cidfile /Users/lukas/Code/yadagedev/tutorial/specs/mapreduce/workdir/mapping_8/_packtivity/mapping_8.cid     -v /Users/lukas/Code/yadagedev/tutorial/specs/mapreduce/workdir/mapping_8:/Users/lukas/Code/yadagedev/tutorial/specs/mapreduce/workdir/mapping_8:rw -v /Users/lukas/Code/yadagedev/tutorial/specs/mapreduce/inputdata:/Users/lukas/Code/yadagedev/tutorial/specs/mapreduce/inputdata:rw busybox:latest sh -c sh
2018-12-03 17:37:52,720 |  pack.mapping_8.step |  DEBUG | stdin if any: wc -w /Users/lukas/Code/yadagedev/tutorial/specs/mapreduce/inputdata/input_00009.txt |awk '{print $1}' > /Users/lukas/Code/yadagedev/tutorial/specs/mapreduce/workdir/mapping_8/output.txt

2018-12-03 17:37:52,721 |  pack.mapping_8.step |  DEBUG | stdin: 
wc -w /Users/lukas/Code/yadagedev/tutorial/specs/mapreduce/inputdata/input_00009.txt |awk '{print $1}' > /Users/lukas/Code/yadagedev/tutorial/specs/mapreduce/workdir/mapping_8/output.txt

2018-12-03 17:37:52,722 |  pack.mapping_8.step |  DEBUG | argv: ['docker', 'run', '--rm', '-i', '--cidfile', '/Users/lukas/Code/yadagedev/tutorial/specs/mapreduce/workdir/mapping_8/_packtivity/mapping_8.cid', '-v', '/Users/lukas/Code/yadagedev/tutorial/specs/mapreduce/workdir/mapping_8:/Users/lukas/Code/yadagedev/tutorial/specs/mapreduce/workdir/mapping_8:rw', '-v', '/Users/lukas/Code/yadagedev/tutorial/specs/mapreduce/inputdata:/Users/lukas/Code/yadagedev/tutorial/specs/mapreduce/inputdata:rw', 'busybox:latest', 'sh', '-c', 'sh']
2018-12-03 17:37:52,739 |  pack.mapping_8.step |  DEBUG | started subprocess with pid 86580. now wait to finish
2018-12-03 17:37:53,266 |  pack.mapping_8.step |  DEBUG | process children: []
2018-12-03 17:37:55,824 |  pack.mapping_8.step |  DEBUG | container execution subprocess finished. return code: 0
2018-12-03 17:37:55,824 |  pack.mapping_8.step |  DEBUG | moving on from subprocess execution: docker run --rm -i --cidfile /Users/lukas/Code/yadagedev/tutorial/specs/mapreduce/workdir/mapping_8/_packtivity/mapping_8.cid     -v /Users/lukas/Code/yadagedev/tutorial/specs/mapreduce/workdir/mapping_8:/Users/lukas/Code/yadagedev/tutorial/specs/mapreduce/workdir/mapping_8:rw -v /Users/lukas/Code/yadagedev/tutorial/specs/mapreduce/inputdata:/Users/lukas/Code/yadagedev/tutorial/specs/mapreduce/inputdata:rw busybox:latest sh -c sh
2018-12-03 17:37:55,824 |  pack.mapping_8.step |  DEBUG | finally for docker run --rm -i --cidfile /Users/lukas/Code/yadagedev/tutorial/specs/mapreduce/workdir/mapping_8/_packtivity/mapping_8.cid     -v /Users/lukas/Code/yadagedev/tutorial/specs/mapreduce/workdir/mapping_8:/Users/lukas/Code/yadagedev/tutorial/specs/mapreduce/workdir/mapping_8:rw -v /Users/lukas/Code/yadagedev/tutorial/specs/mapreduce/inputdata:/Users/lukas/Code/yadagedev/tutorial/specs/mapreduce/inputdata:rw busybox:latest sh -c sh
2018-12-03 17:37:55,856 |  pack.mapping_8.step |   INFO | publishing data: <TypedLeafs: {u'wordcount': u'/Users/lukas/Code/yadagedev/tutorial/specs/mapreduce/workdir/mapping_8/output.txt'}>
