2018-12-03 16:41:55,694 | pack.packtivity_sync |   INFO | starting file logging for topic: step
2018-12-03 16:41:55,899 | pack.packtivity_sync |  DEBUG | script is:
2018-12-03 16:41:55,899 | pack.packtivity_sync |  DEBUG | 
--------------
cat /Users/lukas/Code/yadagedev/tutorial/specs/mapreduce/workdir/mapping_0/output.txt /Users/lukas/Code/yadagedev/tutorial/specs/mapreduce/workdir/mapping_1/output.txt /Users/lukas/Code/yadagedev/tutorial/specs/mapreduce/workdir/mapping_2/output.txt /Users/lukas/Code/yadagedev/tutorial/specs/mapreduce/workdir/mapping_3/output.txt /Users/lukas/Code/yadagedev/tutorial/specs/mapreduce/workdir/mapping_4/output.txt /Users/lukas/Code/yadagedev/tutorial/specs/mapreduce/workdir/mapping_5/output.txt /Users/lukas/Code/yadagedev/tutorial/specs/mapreduce/workdir/mapping_6/output.txt /Users/lukas/Code/yadagedev/tutorial/specs/mapreduce/workdir/mapping_7/output.txt /Users/lukas/Code/yadagedev/tutorial/specs/mapreduce/workdir/mapping_8/output.txt /Users/lukas/Code/yadagedev/tutorial/specs/mapreduce/workdir/mapping_9/output.txt | awk '{a+=1} END {print a}'> /Users/lukas/Code/yadagedev/tutorial/specs/mapreduce/outhere/output.txt

--------------
2018-12-03 16:41:55,899 | pack.packtivity_sync |  DEBUG | 
--------------
run in docker container image: busybox
with env: default env
resources: []
--------------
    
2018-12-03 16:41:55,899 | pack.packtivity_sync |  DEBUG | do_auth: False do_cvmfs: False
2018-12-03 16:41:55,900 | pack.packtivity_sync |  DEBUG | rspec is
{
    "mounts": [
        {
            "source": "/Users/lukas/Code/yadagedev/tutorial/specs/mapreduce/outhere", 
            "readonly": false, 
            "destination": "/Users/lukas/Code/yadagedev/tutorial/specs/mapreduce/outhere", 
            "type": "bind"
        }, 
        {
            "source": "/Users/lukas/Code/yadagedev/tutorial/specs/mapreduce/workdir", 
            "readonly": false, 
            "destination": "/Users/lukas/Code/yadagedev/tutorial/specs/mapreduce/workdir", 
            "type": "bind"
        }
    ], 
    "image": "busybox:latest", 
    "workdir": null, 
    "argv": [
        "sh", 
        "-c", 
        "sh"
    ], 
    "stdin": "cat /Users/lukas/Code/yadagedev/tutorial/specs/mapreduce/workdir/mapping_0/output.txt /Users/lukas/Code/yadagedev/tutorial/specs/mapreduce/workdir/mapping_1/output.txt /Users/lukas/Code/yadagedev/tutorial/specs/mapreduce/workdir/mapping_2/output.txt /Users/lukas/Code/yadagedev/tutorial/specs/mapreduce/workdir/mapping_3/output.txt /Users/lukas/Code/yadagedev/tutorial/specs/mapreduce/workdir/mapping_4/output.txt /Users/lukas/Code/yadagedev/tutorial/specs/mapreduce/workdir/mapping_5/output.txt /Users/lukas/Code/yadagedev/tutorial/specs/mapreduce/workdir/mapping_6/output.txt /Users/lukas/Code/yadagedev/tutorial/specs/mapreduce/workdir/mapping_7/output.txt /Users/lukas/Code/yadagedev/tutorial/specs/mapreduce/workdir/mapping_8/output.txt /Users/lukas/Code/yadagedev/tutorial/specs/mapreduce/workdir/mapping_9/output.txt | awk '{a+=1} END {print a}'> /Users/lukas/Code/yadagedev/tutorial/specs/mapreduce/outhere/output.txt\n"
}
2018-12-03 16:41:55,900 | pack.packtivity_sync |  DEBUG | command: 
docker pull busybox:latest
2018-12-03 16:41:55,900 | pack.packtivity_sync |  DEBUG | stdin if any: None
2018-12-03 16:41:55,907 | pack.packtivity_sync |  DEBUG | started subprocess with pid 82144. now wait to finish
2018-12-03 16:41:56,428 | pack.packtivity_sync |  DEBUG | process children: []
2018-12-03 16:41:58,234 | pack.packtivity_sync |  DEBUG | container execution subprocess finished. return code: 0
2018-12-03 16:41:58,234 | pack.packtivity_sync |  DEBUG | moving on from subprocess execution: docker pull busybox:latest
2018-12-03 16:41:58,234 | pack.packtivity_sync |  DEBUG | finally for docker pull busybox:latest
2018-12-03 16:41:58,234 | pack.packtivity_sync |  DEBUG | command: 
docker run --rm -i --cidfile /Users/lukas/Code/yadagedev/tutorial/specs/mapreduce/outhere/_packtivity/packtivity_syncbackend.cid     -v /Users/lukas/Code/yadagedev/tutorial/specs/mapreduce/outhere:/Users/lukas/Code/yadagedev/tutorial/specs/mapreduce/outhere:rw -v /Users/lukas/Code/yadagedev/tutorial/specs/mapreduce/workdir:/Users/lukas/Code/yadagedev/tutorial/specs/mapreduce/workdir:rw busybox:latest sh -c sh
2018-12-03 16:41:58,234 | pack.packtivity_sync |  DEBUG | stdin if any: cat /Users/lukas/Code/yadagedev/tutorial/specs/mapreduce/workdir/mapping_0/output.txt /Users/lukas/Code/yadagedev/tutorial/specs/mapreduce/workdir/mapping_1/output.txt /Users/lukas/Code/yadagedev/tutorial/specs/mapreduce/workdir/mapping_2/output.txt /Users/lukas/Code/yadagedev/tutorial/specs/mapreduce/workdir/mapping_3/output.txt /Users/lukas/Code/yadagedev/tutorial/specs/mapreduce/workdir/mapping_4/output.txt /Users/lukas/Code/yadagedev/tutorial/specs/mapreduce/workdir/mapping_5/output.txt /Users/lukas/Code/yadagedev/tutorial/specs/mapreduce/workdir/mapping_6/output.txt /Users/lukas/Code/yadagedev/tutorial/specs/mapreduce/workdir/mapping_7/output.txt /Users/lukas/Code/yadagedev/tutorial/specs/mapreduce/workdir/mapping_8/output.txt /Users/lukas/Code/yadagedev/tutorial/specs/mapreduce/workdir/mapping_9/output.txt | awk '{a+=1} END {print a}'> /Users/lukas/Code/yadagedev/tutorial/specs/mapreduce/outhere/output.txt

2018-12-03 16:41:58,236 | pack.packtivity_sync |  DEBUG | stdin: 
cat /Users/lukas/Code/yadagedev/tutorial/specs/mapreduce/workdir/mapping_0/output.txt /Users/lukas/Code/yadagedev/tutorial/specs/mapreduce/workdir/mapping_1/output.txt /Users/lukas/Code/yadagedev/tutorial/specs/mapreduce/workdir/mapping_2/output.txt /Users/lukas/Code/yadagedev/tutorial/specs/mapreduce/workdir/mapping_3/output.txt /Users/lukas/Code/yadagedev/tutorial/specs/mapreduce/workdir/mapping_4/output.txt /Users/lukas/Code/yadagedev/tutorial/specs/mapreduce/workdir/mapping_5/output.txt /Users/lukas/Code/yadagedev/tutorial/specs/mapreduce/workdir/mapping_6/output.txt /Users/lukas/Code/yadagedev/tutorial/specs/mapreduce/workdir/mapping_7/output.txt /Users/lukas/Code/yadagedev/tutorial/specs/mapreduce/workdir/mapping_8/output.txt /Users/lukas/Code/yadagedev/tutorial/specs/mapreduce/workdir/mapping_9/output.txt | awk '{a+=1} END {print a}'> /Users/lukas/Code/yadagedev/tutorial/specs/mapreduce/outhere/output.txt

2018-12-03 16:41:58,236 | pack.packtivity_sync |  DEBUG | argv: ['docker', 'run', '--rm', '-i', '--cidfile', '/Users/lukas/Code/yadagedev/tutorial/specs/mapreduce/outhere/_packtivity/packtivity_syncbackend.cid', '-v', '/Users/lukas/Code/yadagedev/tutorial/specs/mapreduce/outhere:/Users/lukas/Code/yadagedev/tutorial/specs/mapreduce/outhere:rw', '-v', '/Users/lukas/Code/yadagedev/tutorial/specs/mapreduce/workdir:/Users/lukas/Code/yadagedev/tutorial/specs/mapreduce/workdir:rw', 'busybox:latest', 'sh', '-c', 'sh']
2018-12-03 16:41:58,245 | pack.packtivity_sync |  DEBUG | started subprocess with pid 82146. now wait to finish
2018-12-03 16:41:58,770 | pack.packtivity_sync |  DEBUG | process children: []
2018-12-03 16:41:59,695 | pack.packtivity_sync |  DEBUG | container execution subprocess finished. return code: 0
2018-12-03 16:41:59,695 | pack.packtivity_sync |  DEBUG | moving on from subprocess execution: docker run --rm -i --cidfile /Users/lukas/Code/yadagedev/tutorial/specs/mapreduce/outhere/_packtivity/packtivity_syncbackend.cid     -v /Users/lukas/Code/yadagedev/tutorial/specs/mapreduce/outhere:/Users/lukas/Code/yadagedev/tutorial/specs/mapreduce/outhere:rw -v /Users/lukas/Code/yadagedev/tutorial/specs/mapreduce/workdir:/Users/lukas/Code/yadagedev/tutorial/specs/mapreduce/workdir:rw busybox:latest sh -c sh
2018-12-03 16:41:59,695 | pack.packtivity_sync |  DEBUG | finally for docker run --rm -i --cidfile /Users/lukas/Code/yadagedev/tutorial/specs/mapreduce/outhere/_packtivity/packtivity_syncbackend.cid     -v /Users/lukas/Code/yadagedev/tutorial/specs/mapreduce/outhere:/Users/lukas/Code/yadagedev/tutorial/specs/mapreduce/outhere:rw -v /Users/lukas/Code/yadagedev/tutorial/specs/mapreduce/workdir:/Users/lukas/Code/yadagedev/tutorial/specs/mapreduce/workdir:rw busybox:latest sh -c sh
2018-12-03 16:41:59,712 | pack.packtivity_sync |   INFO | publishing data: <TypedLeafs: {u'combined_counts': u'/Users/lukas/Code/yadagedev/tutorial/specs/mapreduce/outhere/output.txt'}>
