2018-12-03 17:37:55,858 |  pack.mapping_0.step |   INFO | starting file logging for topic: step
2018-12-03 17:37:56,071 |  pack.mapping_0.step |  DEBUG | script is:
2018-12-03 17:37:56,072 |  pack.mapping_0.step |  DEBUG | 
--------------
wc -w /Users/lukas/Code/yadagedev/tutorial/specs/mapreduce/inputdata/input_00001.txt |awk '{print $1}' > /Users/lukas/Code/yadagedev/tutorial/specs/mapreduce/workdir/mapping_0/output.txt

--------------
2018-12-03 17:37:56,072 |  pack.mapping_0.step |  DEBUG | 
--------------
run in docker container image: busybox
with env: default env
resources: []
--------------
    
2018-12-03 17:37:56,072 |  pack.mapping_0.step |  DEBUG | do_auth: False do_cvmfs: False
2018-12-03 17:37:56,073 |  pack.mapping_0.step |  DEBUG | rspec is
{
    "mounts": [
        {
            "source": "/Users/lukas/Code/yadagedev/tutorial/specs/mapreduce/workdir/mapping_0", 
            "readonly": false, 
            "destination": "/Users/lukas/Code/yadagedev/tutorial/specs/mapreduce/workdir/mapping_0", 
            "type": "bind"
        }, 
        {
            "source": "/Users/lukas/Code/yadagedev/tutorial/specs/mapreduce/inputdata", 
            "readonly": false, 
            "destination": "/Users/lukas/Code/yadagedev/tutorial/specs/mapreduce/inputdata", 
            "type": "bind"
        }
    ], 
    "image": "busybox:latest", 
    "workdir": null, 
    "argv": [
        "sh", 
        "-c", 
        "sh"
    ], 
    "stdin": "wc -w /Users/lukas/Code/yadagedev/tutorial/specs/mapreduce/inputdata/input_00001.txt |awk '{print $1}' > /Users/lukas/Code/yadagedev/tutorial/specs/mapreduce/workdir/mapping_0/output.txt\n"
}
2018-12-03 17:37:56,073 |  pack.mapping_0.step |  DEBUG | command: 
docker pull busybox:latest
2018-12-03 17:37:56,073 |  pack.mapping_0.step |  DEBUG | stdin if any: None
2018-12-03 17:37:56,122 |  pack.mapping_0.step |  DEBUG | started subprocess with pid 86588. now wait to finish
2018-12-03 17:37:56,661 |  pack.mapping_0.step |  DEBUG | process children: []
2018-12-03 17:37:58,414 |  pack.mapping_0.step |  DEBUG | container execution subprocess finished. return code: 0
2018-12-03 17:37:58,415 |  pack.mapping_0.step |  DEBUG | moving on from subprocess execution: docker pull busybox:latest
2018-12-03 17:37:58,415 |  pack.mapping_0.step |  DEBUG | finally for docker pull busybox:latest
2018-12-03 17:37:58,416 |  pack.mapping_0.step |  DEBUG | command: 
docker run --rm -i --cidfile /Users/lukas/Code/yadagedev/tutorial/specs/mapreduce/workdir/mapping_0/_packtivity/mapping_0.cid     -v /Users/lukas/Code/yadagedev/tutorial/specs/mapreduce/workdir/mapping_0:/Users/lukas/Code/yadagedev/tutorial/specs/mapreduce/workdir/mapping_0:rw -v /Users/lukas/Code/yadagedev/tutorial/specs/mapreduce/inputdata:/Users/lukas/Code/yadagedev/tutorial/specs/mapreduce/inputdata:rw busybox:latest sh -c sh
2018-12-03 17:37:58,416 |  pack.mapping_0.step |  DEBUG | stdin if any: wc -w /Users/lukas/Code/yadagedev/tutorial/specs/mapreduce/inputdata/input_00001.txt |awk '{print $1}' > /Users/lukas/Code/yadagedev/tutorial/specs/mapreduce/workdir/mapping_0/output.txt

2018-12-03 17:37:58,417 |  pack.mapping_0.step |  DEBUG | stdin: 
wc -w /Users/lukas/Code/yadagedev/tutorial/specs/mapreduce/inputdata/input_00001.txt |awk '{print $1}' > /Users/lukas/Code/yadagedev/tutorial/specs/mapreduce/workdir/mapping_0/output.txt

2018-12-03 17:37:58,418 |  pack.mapping_0.step |  DEBUG | argv: ['docker', 'run', '--rm', '-i', '--cidfile', '/Users/lukas/Code/yadagedev/tutorial/specs/mapreduce/workdir/mapping_0/_packtivity/mapping_0.cid', '-v', '/Users/lukas/Code/yadagedev/tutorial/specs/mapreduce/workdir/mapping_0:/Users/lukas/Code/yadagedev/tutorial/specs/mapreduce/workdir/mapping_0:rw', '-v', '/Users/lukas/Code/yadagedev/tutorial/specs/mapreduce/inputdata:/Users/lukas/Code/yadagedev/tutorial/specs/mapreduce/inputdata:rw', 'busybox:latest', 'sh', '-c', 'sh']
2018-12-03 17:37:58,434 |  pack.mapping_0.step |  DEBUG | started subprocess with pid 86593. now wait to finish
2018-12-03 17:37:58,961 |  pack.mapping_0.step |  DEBUG | process children: []
2018-12-03 17:38:01,165 |  pack.mapping_0.step |  DEBUG | container execution subprocess finished. return code: 0
2018-12-03 17:38:01,166 |  pack.mapping_0.step |  DEBUG | moving on from subprocess execution: docker run --rm -i --cidfile /Users/lukas/Code/yadagedev/tutorial/specs/mapreduce/workdir/mapping_0/_packtivity/mapping_0.cid     -v /Users/lukas/Code/yadagedev/tutorial/specs/mapreduce/workdir/mapping_0:/Users/lukas/Code/yadagedev/tutorial/specs/mapreduce/workdir/mapping_0:rw -v /Users/lukas/Code/yadagedev/tutorial/specs/mapreduce/inputdata:/Users/lukas/Code/yadagedev/tutorial/specs/mapreduce/inputdata:rw busybox:latest sh -c sh
2018-12-03 17:38:01,167 |  pack.mapping_0.step |  DEBUG | finally for docker run --rm -i --cidfile /Users/lukas/Code/yadagedev/tutorial/specs/mapreduce/workdir/mapping_0/_packtivity/mapping_0.cid     -v /Users/lukas/Code/yadagedev/tutorial/specs/mapreduce/workdir/mapping_0:/Users/lukas/Code/yadagedev/tutorial/specs/mapreduce/workdir/mapping_0:rw -v /Users/lukas/Code/yadagedev/tutorial/specs/mapreduce/inputdata:/Users/lukas/Code/yadagedev/tutorial/specs/mapreduce/inputdata:rw busybox:latest sh -c sh
2018-12-03 17:38:01,192 |  pack.mapping_0.step |   INFO | publishing data: <TypedLeafs: {u'wordcount': u'/Users/lukas/Code/yadagedev/tutorial/specs/mapreduce/workdir/mapping_0/output.txt'}>
