2018-12-03 17:37:49,499 |  pack.mapping_3.step |   INFO | starting file logging for topic: step
2018-12-03 17:37:49,666 |  pack.mapping_3.step |  DEBUG | script is:
2018-12-03 17:37:49,666 |  pack.mapping_3.step |  DEBUG | 
--------------
wc -w /Users/lukas/Code/yadagedev/tutorial/specs/mapreduce/inputdata/input_00004.txt |awk '{print $1}' > /Users/lukas/Code/yadagedev/tutorial/specs/mapreduce/workdir/mapping_3/output.txt

--------------
2018-12-03 17:37:49,666 |  pack.mapping_3.step |  DEBUG | 
--------------
run in docker container image: busybox
with env: default env
resources: []
--------------
    
2018-12-03 17:37:49,666 |  pack.mapping_3.step |  DEBUG | do_auth: False do_cvmfs: False
2018-12-03 17:37:49,667 |  pack.mapping_3.step |  DEBUG | rspec is
{
    "mounts": [
        {
            "source": "/Users/lukas/Code/yadagedev/tutorial/specs/mapreduce/workdir/mapping_3", 
            "readonly": false, 
            "destination": "/Users/lukas/Code/yadagedev/tutorial/specs/mapreduce/workdir/mapping_3", 
            "type": "bind"
        }, 
        {
            "source": "/Users/lukas/Code/yadagedev/tutorial/specs/mapreduce/inputdata", 
            "readonly": false, 
            "destination": "/Users/lukas/Code/yadagedev/tutorial/specs/mapreduce/inputdata", 
            "type": "bind"
        }
    ], 
    "image": "busybox:latest", 
    "workdir": null, 
    "argv": [
        "sh", 
        "-c", 
        "sh"
    ], 
    "stdin": "wc -w /Users/lukas/Code/yadagedev/tutorial/specs/mapreduce/inputdata/input_00004.txt |awk '{print $1}' > /Users/lukas/Code/yadagedev/tutorial/specs/mapreduce/workdir/mapping_3/output.txt\n"
}
2018-12-03 17:37:49,667 |  pack.mapping_3.step |  DEBUG | command: 
docker pull busybox:latest
2018-12-03 17:37:49,667 |  pack.mapping_3.step |  DEBUG | stdin if any: None
2018-12-03 17:37:49,687 |  pack.mapping_3.step |  DEBUG | started subprocess with pid 86571. now wait to finish
2018-12-03 17:37:50,259 |  pack.mapping_3.step |  DEBUG | process children: []
2018-12-03 17:37:52,703 |  pack.mapping_3.step |  DEBUG | container execution subprocess finished. return code: 0
2018-12-03 17:37:52,703 |  pack.mapping_3.step |  DEBUG | moving on from subprocess execution: docker pull busybox:latest
2018-12-03 17:37:52,703 |  pack.mapping_3.step |  DEBUG | finally for docker pull busybox:latest
2018-12-03 17:37:52,704 |  pack.mapping_3.step |  DEBUG | command: 
docker run --rm -i --cidfile /Users/lukas/Code/yadagedev/tutorial/specs/mapreduce/workdir/mapping_3/_packtivity/mapping_3.cid     -v /Users/lukas/Code/yadagedev/tutorial/specs/mapreduce/workdir/mapping_3:/Users/lukas/Code/yadagedev/tutorial/specs/mapreduce/workdir/mapping_3:rw -v /Users/lukas/Code/yadagedev/tutorial/specs/mapreduce/inputdata:/Users/lukas/Code/yadagedev/tutorial/specs/mapreduce/inputdata:rw busybox:latest sh -c sh
2018-12-03 17:37:52,704 |  pack.mapping_3.step |  DEBUG | stdin if any: wc -w /Users/lukas/Code/yadagedev/tutorial/specs/mapreduce/inputdata/input_00004.txt |awk '{print $1}' > /Users/lukas/Code/yadagedev/tutorial/specs/mapreduce/workdir/mapping_3/output.txt

2018-12-03 17:37:52,706 |  pack.mapping_3.step |  DEBUG | stdin: 
wc -w /Users/lukas/Code/yadagedev/tutorial/specs/mapreduce/inputdata/input_00004.txt |awk '{print $1}' > /Users/lukas/Code/yadagedev/tutorial/specs/mapreduce/workdir/mapping_3/output.txt

2018-12-03 17:37:52,707 |  pack.mapping_3.step |  DEBUG | argv: ['docker', 'run', '--rm', '-i', '--cidfile', '/Users/lukas/Code/yadagedev/tutorial/specs/mapreduce/workdir/mapping_3/_packtivity/mapping_3.cid', '-v', '/Users/lukas/Code/yadagedev/tutorial/specs/mapreduce/workdir/mapping_3:/Users/lukas/Code/yadagedev/tutorial/specs/mapreduce/workdir/mapping_3:rw', '-v', '/Users/lukas/Code/yadagedev/tutorial/specs/mapreduce/inputdata:/Users/lukas/Code/yadagedev/tutorial/specs/mapreduce/inputdata:rw', 'busybox:latest', 'sh', '-c', 'sh']
2018-12-03 17:37:52,724 |  pack.mapping_3.step |  DEBUG | started subprocess with pid 86579. now wait to finish
2018-12-03 17:37:53,252 |  pack.mapping_3.step |  DEBUG | process children: []
2018-12-03 17:37:55,050 |  pack.mapping_3.step |  DEBUG | container execution subprocess finished. return code: 0
2018-12-03 17:37:55,050 |  pack.mapping_3.step |  DEBUG | moving on from subprocess execution: docker run --rm -i --cidfile /Users/lukas/Code/yadagedev/tutorial/specs/mapreduce/workdir/mapping_3/_packtivity/mapping_3.cid     -v /Users/lukas/Code/yadagedev/tutorial/specs/mapreduce/workdir/mapping_3:/Users/lukas/Code/yadagedev/tutorial/specs/mapreduce/workdir/mapping_3:rw -v /Users/lukas/Code/yadagedev/tutorial/specs/mapreduce/inputdata:/Users/lukas/Code/yadagedev/tutorial/specs/mapreduce/inputdata:rw busybox:latest sh -c sh
2018-12-03 17:37:55,051 |  pack.mapping_3.step |  DEBUG | finally for docker run --rm -i --cidfile /Users/lukas/Code/yadagedev/tutorial/specs/mapreduce/workdir/mapping_3/_packtivity/mapping_3.cid     -v /Users/lukas/Code/yadagedev/tutorial/specs/mapreduce/workdir/mapping_3:/Users/lukas/Code/yadagedev/tutorial/specs/mapreduce/workdir/mapping_3:rw -v /Users/lukas/Code/yadagedev/tutorial/specs/mapreduce/inputdata:/Users/lukas/Code/yadagedev/tutorial/specs/mapreduce/inputdata:rw busybox:latest sh -c sh
2018-12-03 17:37:55,082 |  pack.mapping_3.step |   INFO | publishing data: <TypedLeafs: {u'wordcount': u'/Users/lukas/Code/yadagedev/tutorial/specs/mapreduce/workdir/mapping_3/output.txt'}>
