2018-12-03 17:38:00,458 |  pack.mapping_4.step |   INFO | starting file logging for topic: step
2018-12-03 17:38:00,553 |  pack.mapping_4.step |  DEBUG | script is:
2018-12-03 17:38:00,554 |  pack.mapping_4.step |  DEBUG | 
--------------
wc -w /Users/lukas/Code/yadagedev/tutorial/specs/mapreduce/inputdata/input_00005.txt |awk '{print $1}' > /Users/lukas/Code/yadagedev/tutorial/specs/mapreduce/workdir/mapping_4/output.txt

--------------
2018-12-03 17:38:00,556 |  pack.mapping_4.step |  DEBUG | 
--------------
run in docker container image: busybox
with env: default env
resources: []
--------------
    
2018-12-03 17:38:00,556 |  pack.mapping_4.step |  DEBUG | do_auth: False do_cvmfs: False
2018-12-03 17:38:00,557 |  pack.mapping_4.step |  DEBUG | rspec is
{
    "mounts": [
        {
            "source": "/Users/lukas/Code/yadagedev/tutorial/specs/mapreduce/workdir/mapping_4", 
            "readonly": false, 
            "destination": "/Users/lukas/Code/yadagedev/tutorial/specs/mapreduce/workdir/mapping_4", 
            "type": "bind"
        }, 
        {
            "source": "/Users/lukas/Code/yadagedev/tutorial/specs/mapreduce/inputdata", 
            "readonly": false, 
            "destination": "/Users/lukas/Code/yadagedev/tutorial/specs/mapreduce/inputdata", 
            "type": "bind"
        }
    ], 
    "image": "busybox:latest", 
    "workdir": null, 
    "argv": [
        "sh", 
        "-c", 
        "sh"
    ], 
    "stdin": "wc -w /Users/lukas/Code/yadagedev/tutorial/specs/mapreduce/inputdata/input_00005.txt |awk '{print $1}' > /Users/lukas/Code/yadagedev/tutorial/specs/mapreduce/workdir/mapping_4/output.txt\n"
}
2018-12-03 17:38:00,557 |  pack.mapping_4.step |  DEBUG | command: 
docker pull busybox:latest
2018-12-03 17:38:00,558 |  pack.mapping_4.step |  DEBUG | stdin if any: None
2018-12-03 17:38:00,574 |  pack.mapping_4.step |  DEBUG | started subprocess with pid 86596. now wait to finish
2018-12-03 17:38:01,127 |  pack.mapping_4.step |  DEBUG | process children: []
2018-12-03 17:38:02,879 |  pack.mapping_4.step |  DEBUG | container execution subprocess finished. return code: 0
2018-12-03 17:38:02,879 |  pack.mapping_4.step |  DEBUG | moving on from subprocess execution: docker pull busybox:latest
2018-12-03 17:38:02,879 |  pack.mapping_4.step |  DEBUG | finally for docker pull busybox:latest
2018-12-03 17:38:02,880 |  pack.mapping_4.step |  DEBUG | command: 
docker run --rm -i --cidfile /Users/lukas/Code/yadagedev/tutorial/specs/mapreduce/workdir/mapping_4/_packtivity/mapping_4.cid     -v /Users/lukas/Code/yadagedev/tutorial/specs/mapreduce/workdir/mapping_4:/Users/lukas/Code/yadagedev/tutorial/specs/mapreduce/workdir/mapping_4:rw -v /Users/lukas/Code/yadagedev/tutorial/specs/mapreduce/inputdata:/Users/lukas/Code/yadagedev/tutorial/specs/mapreduce/inputdata:rw busybox:latest sh -c sh
2018-12-03 17:38:02,880 |  pack.mapping_4.step |  DEBUG | stdin if any: wc -w /Users/lukas/Code/yadagedev/tutorial/specs/mapreduce/inputdata/input_00005.txt |awk '{print $1}' > /Users/lukas/Code/yadagedev/tutorial/specs/mapreduce/workdir/mapping_4/output.txt

2018-12-03 17:38:02,881 |  pack.mapping_4.step |  DEBUG | stdin: 
wc -w /Users/lukas/Code/yadagedev/tutorial/specs/mapreduce/inputdata/input_00005.txt |awk '{print $1}' > /Users/lukas/Code/yadagedev/tutorial/specs/mapreduce/workdir/mapping_4/output.txt

2018-12-03 17:38:02,882 |  pack.mapping_4.step |  DEBUG | argv: ['docker', 'run', '--rm', '-i', '--cidfile', '/Users/lukas/Code/yadagedev/tutorial/specs/mapreduce/workdir/mapping_4/_packtivity/mapping_4.cid', '-v', '/Users/lukas/Code/yadagedev/tutorial/specs/mapreduce/workdir/mapping_4:/Users/lukas/Code/yadagedev/tutorial/specs/mapreduce/workdir/mapping_4:rw', '-v', '/Users/lukas/Code/yadagedev/tutorial/specs/mapreduce/inputdata:/Users/lukas/Code/yadagedev/tutorial/specs/mapreduce/inputdata:rw', 'busybox:latest', 'sh', '-c', 'sh']
2018-12-03 17:38:02,897 |  pack.mapping_4.step |  DEBUG | started subprocess with pid 86599. now wait to finish
2018-12-03 17:38:03,425 |  pack.mapping_4.step |  DEBUG | process children: []
2018-12-03 17:38:05,424 |  pack.mapping_4.step |  DEBUG | container execution subprocess finished. return code: 0
2018-12-03 17:38:05,425 |  pack.mapping_4.step |  DEBUG | moving on from subprocess execution: docker run --rm -i --cidfile /Users/lukas/Code/yadagedev/tutorial/specs/mapreduce/workdir/mapping_4/_packtivity/mapping_4.cid     -v /Users/lukas/Code/yadagedev/tutorial/specs/mapreduce/workdir/mapping_4:/Users/lukas/Code/yadagedev/tutorial/specs/mapreduce/workdir/mapping_4:rw -v /Users/lukas/Code/yadagedev/tutorial/specs/mapreduce/inputdata:/Users/lukas/Code/yadagedev/tutorial/specs/mapreduce/inputdata:rw busybox:latest sh -c sh
2018-12-03 17:38:05,425 |  pack.mapping_4.step |  DEBUG | finally for docker run --rm -i --cidfile /Users/lukas/Code/yadagedev/tutorial/specs/mapreduce/workdir/mapping_4/_packtivity/mapping_4.cid     -v /Users/lukas/Code/yadagedev/tutorial/specs/mapreduce/workdir/mapping_4:/Users/lukas/Code/yadagedev/tutorial/specs/mapreduce/workdir/mapping_4:rw -v /Users/lukas/Code/yadagedev/tutorial/specs/mapreduce/inputdata:/Users/lukas/Code/yadagedev/tutorial/specs/mapreduce/inputdata:rw busybox:latest sh -c sh
2018-12-03 17:38:05,450 |  pack.mapping_4.step |   INFO | publishing data: <TypedLeafs: {u'wordcount': u'/Users/lukas/Code/yadagedev/tutorial/specs/mapreduce/workdir/mapping_4/output.txt'}>
