2018-12-03 17:37:49,498 |  pack.mapping_1.step |   INFO | starting file logging for topic: step
2018-12-03 17:37:49,695 |  pack.mapping_1.step |  DEBUG | script is:
2018-12-03 17:37:49,695 |  pack.mapping_1.step |  DEBUG | 
--------------
wc -w /Users/lukas/Code/yadagedev/tutorial/specs/mapreduce/inputdata/input_00002.txt |awk '{print $1}' > /Users/lukas/Code/yadagedev/tutorial/specs/mapreduce/workdir/mapping_1/output.txt

--------------
2018-12-03 17:37:49,696 |  pack.mapping_1.step |  DEBUG | 
--------------
run in docker container image: busybox
with env: default env
resources: []
--------------
    
2018-12-03 17:37:49,696 |  pack.mapping_1.step |  DEBUG | do_auth: False do_cvmfs: False
2018-12-03 17:37:49,696 |  pack.mapping_1.step |  DEBUG | rspec is
{
    "mounts": [
        {
            "source": "/Users/lukas/Code/yadagedev/tutorial/specs/mapreduce/workdir/mapping_1", 
            "readonly": false, 
            "destination": "/Users/lukas/Code/yadagedev/tutorial/specs/mapreduce/workdir/mapping_1", 
            "type": "bind"
        }, 
        {
            "source": "/Users/lukas/Code/yadagedev/tutorial/specs/mapreduce/inputdata", 
            "readonly": false, 
            "destination": "/Users/lukas/Code/yadagedev/tutorial/specs/mapreduce/inputdata", 
            "type": "bind"
        }
    ], 
    "image": "busybox:latest", 
    "workdir": null, 
    "argv": [
        "sh", 
        "-c", 
        "sh"
    ], 
    "stdin": "wc -w /Users/lukas/Code/yadagedev/tutorial/specs/mapreduce/inputdata/input_00002.txt |awk '{print $1}' > /Users/lukas/Code/yadagedev/tutorial/specs/mapreduce/workdir/mapping_1/output.txt\n"
}
2018-12-03 17:37:49,697 |  pack.mapping_1.step |  DEBUG | command: 
docker pull busybox:latest
2018-12-03 17:37:49,697 |  pack.mapping_1.step |  DEBUG | stdin if any: None
2018-12-03 17:37:49,717 |  pack.mapping_1.step |  DEBUG | started subprocess with pid 86573. now wait to finish
2018-12-03 17:37:50,246 |  pack.mapping_1.step |  DEBUG | process children: []
2018-12-03 17:37:52,748 |  pack.mapping_1.step |  DEBUG | container execution subprocess finished. return code: 0
2018-12-03 17:37:52,749 |  pack.mapping_1.step |  DEBUG | moving on from subprocess execution: docker pull busybox:latest
2018-12-03 17:37:52,749 |  pack.mapping_1.step |  DEBUG | finally for docker pull busybox:latest
2018-12-03 17:37:52,749 |  pack.mapping_1.step |  DEBUG | command: 
docker run --rm -i --cidfile /Users/lukas/Code/yadagedev/tutorial/specs/mapreduce/workdir/mapping_1/_packtivity/mapping_1.cid     -v /Users/lukas/Code/yadagedev/tutorial/specs/mapreduce/workdir/mapping_1:/Users/lukas/Code/yadagedev/tutorial/specs/mapreduce/workdir/mapping_1:rw -v /Users/lukas/Code/yadagedev/tutorial/specs/mapreduce/inputdata:/Users/lukas/Code/yadagedev/tutorial/specs/mapreduce/inputdata:rw busybox:latest sh -c sh
2018-12-03 17:37:52,750 |  pack.mapping_1.step |  DEBUG | stdin if any: wc -w /Users/lukas/Code/yadagedev/tutorial/specs/mapreduce/inputdata/input_00002.txt |awk '{print $1}' > /Users/lukas/Code/yadagedev/tutorial/specs/mapreduce/workdir/mapping_1/output.txt

2018-12-03 17:37:52,751 |  pack.mapping_1.step |  DEBUG | stdin: 
wc -w /Users/lukas/Code/yadagedev/tutorial/specs/mapreduce/inputdata/input_00002.txt |awk '{print $1}' > /Users/lukas/Code/yadagedev/tutorial/specs/mapreduce/workdir/mapping_1/output.txt

2018-12-03 17:37:52,752 |  pack.mapping_1.step |  DEBUG | argv: ['docker', 'run', '--rm', '-i', '--cidfile', '/Users/lukas/Code/yadagedev/tutorial/specs/mapreduce/workdir/mapping_1/_packtivity/mapping_1.cid', '-v', '/Users/lukas/Code/yadagedev/tutorial/specs/mapreduce/workdir/mapping_1:/Users/lukas/Code/yadagedev/tutorial/specs/mapreduce/workdir/mapping_1:rw', '-v', '/Users/lukas/Code/yadagedev/tutorial/specs/mapreduce/inputdata:/Users/lukas/Code/yadagedev/tutorial/specs/mapreduce/inputdata:rw', 'busybox:latest', 'sh', '-c', 'sh']
2018-12-03 17:37:52,767 |  pack.mapping_1.step |  DEBUG | started subprocess with pid 86581. now wait to finish
2018-12-03 17:37:53,296 |  pack.mapping_1.step |  DEBUG | process children: []
2018-12-03 17:37:55,626 |  pack.mapping_1.step |  DEBUG | container execution subprocess finished. return code: 0
2018-12-03 17:37:55,627 |  pack.mapping_1.step |  DEBUG | moving on from subprocess execution: docker run --rm -i --cidfile /Users/lukas/Code/yadagedev/tutorial/specs/mapreduce/workdir/mapping_1/_packtivity/mapping_1.cid     -v /Users/lukas/Code/yadagedev/tutorial/specs/mapreduce/workdir/mapping_1:/Users/lukas/Code/yadagedev/tutorial/specs/mapreduce/workdir/mapping_1:rw -v /Users/lukas/Code/yadagedev/tutorial/specs/mapreduce/inputdata:/Users/lukas/Code/yadagedev/tutorial/specs/mapreduce/inputdata:rw busybox:latest sh -c sh
2018-12-03 17:37:55,627 |  pack.mapping_1.step |  DEBUG | finally for docker run --rm -i --cidfile /Users/lukas/Code/yadagedev/tutorial/specs/mapreduce/workdir/mapping_1/_packtivity/mapping_1.cid     -v /Users/lukas/Code/yadagedev/tutorial/specs/mapreduce/workdir/mapping_1:/Users/lukas/Code/yadagedev/tutorial/specs/mapreduce/workdir/mapping_1:rw -v /Users/lukas/Code/yadagedev/tutorial/specs/mapreduce/inputdata:/Users/lukas/Code/yadagedev/tutorial/specs/mapreduce/inputdata:rw busybox:latest sh -c sh
2018-12-03 17:37:55,655 |  pack.mapping_1.step |   INFO | publishing data: <TypedLeafs: {u'wordcount': u'/Users/lukas/Code/yadagedev/tutorial/specs/mapreduce/workdir/mapping_1/output.txt'}>
