2018-12-03 17:37:55,717 |  pack.mapping_7.step |   INFO | starting file logging for topic: step
2018-12-03 17:37:55,856 |  pack.mapping_7.step |  DEBUG | script is:
2018-12-03 17:37:55,857 |  pack.mapping_7.step |  DEBUG | 
--------------
wc -w /Users/lukas/Code/yadagedev/tutorial/specs/mapreduce/inputdata/input_00008.txt |awk '{print $1}' > /Users/lukas/Code/yadagedev/tutorial/specs/mapreduce/workdir/mapping_7/output.txt

--------------
2018-12-03 17:37:55,857 |  pack.mapping_7.step |  DEBUG | 
--------------
run in docker container image: busybox
with env: default env
resources: []
--------------
    
2018-12-03 17:37:55,866 |  pack.mapping_7.step |  DEBUG | do_auth: False do_cvmfs: False
2018-12-03 17:37:55,866 |  pack.mapping_7.step |  DEBUG | rspec is
{
    "mounts": [
        {
            "source": "/Users/lukas/Code/yadagedev/tutorial/specs/mapreduce/workdir/mapping_7", 
            "readonly": false, 
            "destination": "/Users/lukas/Code/yadagedev/tutorial/specs/mapreduce/workdir/mapping_7", 
            "type": "bind"
        }, 
        {
            "source": "/Users/lukas/Code/yadagedev/tutorial/specs/mapreduce/inputdata", 
            "readonly": false, 
            "destination": "/Users/lukas/Code/yadagedev/tutorial/specs/mapreduce/inputdata", 
            "type": "bind"
        }
    ], 
    "image": "busybox:latest", 
    "workdir": null, 
    "argv": [
        "sh", 
        "-c", 
        "sh"
    ], 
    "stdin": "wc -w /Users/lukas/Code/yadagedev/tutorial/specs/mapreduce/inputdata/input_00008.txt |awk '{print $1}' > /Users/lukas/Code/yadagedev/tutorial/specs/mapreduce/workdir/mapping_7/output.txt\n"
}
2018-12-03 17:37:55,867 |  pack.mapping_7.step |  DEBUG | command: 
docker pull busybox:latest
2018-12-03 17:37:55,867 |  pack.mapping_7.step |  DEBUG | stdin if any: None
2018-12-03 17:37:55,928 |  pack.mapping_7.step |  DEBUG | started subprocess with pid 86585. now wait to finish
2018-12-03 17:37:56,454 |  pack.mapping_7.step |  DEBUG | process children: []
2018-12-03 17:37:58,120 |  pack.mapping_7.step |  DEBUG | container execution subprocess finished. return code: 0
2018-12-03 17:37:58,120 |  pack.mapping_7.step |  DEBUG | moving on from subprocess execution: docker pull busybox:latest
2018-12-03 17:37:58,121 |  pack.mapping_7.step |  DEBUG | finally for docker pull busybox:latest
2018-12-03 17:37:58,121 |  pack.mapping_7.step |  DEBUG | command: 
docker run --rm -i --cidfile /Users/lukas/Code/yadagedev/tutorial/specs/mapreduce/workdir/mapping_7/_packtivity/mapping_7.cid     -v /Users/lukas/Code/yadagedev/tutorial/specs/mapreduce/workdir/mapping_7:/Users/lukas/Code/yadagedev/tutorial/specs/mapreduce/workdir/mapping_7:rw -v /Users/lukas/Code/yadagedev/tutorial/specs/mapreduce/inputdata:/Users/lukas/Code/yadagedev/tutorial/specs/mapreduce/inputdata:rw busybox:latest sh -c sh
2018-12-03 17:37:58,122 |  pack.mapping_7.step |  DEBUG | stdin if any: wc -w /Users/lukas/Code/yadagedev/tutorial/specs/mapreduce/inputdata/input_00008.txt |awk '{print $1}' > /Users/lukas/Code/yadagedev/tutorial/specs/mapreduce/workdir/mapping_7/output.txt

2018-12-03 17:37:58,123 |  pack.mapping_7.step |  DEBUG | stdin: 
wc -w /Users/lukas/Code/yadagedev/tutorial/specs/mapreduce/inputdata/input_00008.txt |awk '{print $1}' > /Users/lukas/Code/yadagedev/tutorial/specs/mapreduce/workdir/mapping_7/output.txt

2018-12-03 17:37:58,124 |  pack.mapping_7.step |  DEBUG | argv: ['docker', 'run', '--rm', '-i', '--cidfile', '/Users/lukas/Code/yadagedev/tutorial/specs/mapreduce/workdir/mapping_7/_packtivity/mapping_7.cid', '-v', '/Users/lukas/Code/yadagedev/tutorial/specs/mapreduce/workdir/mapping_7:/Users/lukas/Code/yadagedev/tutorial/specs/mapreduce/workdir/mapping_7:rw', '-v', '/Users/lukas/Code/yadagedev/tutorial/specs/mapreduce/inputdata:/Users/lukas/Code/yadagedev/tutorial/specs/mapreduce/inputdata:rw', 'busybox:latest', 'sh', '-c', 'sh']
2018-12-03 17:37:58,144 |  pack.mapping_7.step |  DEBUG | started subprocess with pid 86592. now wait to finish
2018-12-03 17:37:58,669 |  pack.mapping_7.step |  DEBUG | process children: []
2018-12-03 17:38:01,043 |  pack.mapping_7.step |  DEBUG | container execution subprocess finished. return code: 0
2018-12-03 17:38:01,044 |  pack.mapping_7.step |  DEBUG | moving on from subprocess execution: docker run --rm -i --cidfile /Users/lukas/Code/yadagedev/tutorial/specs/mapreduce/workdir/mapping_7/_packtivity/mapping_7.cid     -v /Users/lukas/Code/yadagedev/tutorial/specs/mapreduce/workdir/mapping_7:/Users/lukas/Code/yadagedev/tutorial/specs/mapreduce/workdir/mapping_7:rw -v /Users/lukas/Code/yadagedev/tutorial/specs/mapreduce/inputdata:/Users/lukas/Code/yadagedev/tutorial/specs/mapreduce/inputdata:rw busybox:latest sh -c sh
2018-12-03 17:38:01,044 |  pack.mapping_7.step |  DEBUG | finally for docker run --rm -i --cidfile /Users/lukas/Code/yadagedev/tutorial/specs/mapreduce/workdir/mapping_7/_packtivity/mapping_7.cid     -v /Users/lukas/Code/yadagedev/tutorial/specs/mapreduce/workdir/mapping_7:/Users/lukas/Code/yadagedev/tutorial/specs/mapreduce/workdir/mapping_7:rw -v /Users/lukas/Code/yadagedev/tutorial/specs/mapreduce/inputdata:/Users/lukas/Code/yadagedev/tutorial/specs/mapreduce/inputdata:rw busybox:latest sh -c sh
2018-12-03 17:38:01,068 |  pack.mapping_7.step |   INFO | publishing data: <TypedLeafs: {u'wordcount': u'/Users/lukas/Code/yadagedev/tutorial/specs/mapreduce/workdir/mapping_7/output.txt'}>
